<?xml version="1.0" encoding="UTF-8"?>
<testsuites name="jest tests" tests="3" failures="0" errors="0" time="0.89">
  <testsuite name="Hello World App" errors="0" failures="0" skipped="0" timestamp="2025-08-07T03:29:29" time="0.814" tests="3">
    <testcase classname="Hello World App GET / should return &quot;Hello, World!&quot; with status 200" name="Hello World App GET / should return &quot;Hello, World!&quot; with status 200" time="0.028">
    </testcase>
    <testcase classname="Hello World App GET /api/health should return health status with status 200" name="Hello World App GET /api/health should return health status with status 200" time="0.008">
    </testcase>
    <testcase classname="Hello World App GET /nonexistent should return 404 for non-existent routes" name="Hello World App GET /nonexistent should return 404 for non-existent routes" time="0.005">
    </testcase>
  </testsuite>
</testsuites>